<?xml version="1.0" encoding="UTF-8"?>
<!-- Generated by org.testng.reporters.JUnitReportReporter -->
<testsuite hostname="Suresh" failures="0" tests="1" name="testPractice.Annotations" time="0.020" errors="0" timestamp="2024-04-15T07:27:53 IST" skipped="0">
  <testcase classname="testPractice.Annotations" name="execute" time="0.020"/>
  <system-out/>
</testsuite> <!-- testPractice.Annotations -->
