<?xml version="1.0" encoding="UTF-8"?>
<!-- Generated by org.testng.reporters.JUnitReportReporter -->
<testsuite hostname="Suresh" failures="0" tests="3" name="testPractice.TestNG" time="0.014" errors="0" timestamp="2024-04-15T07:27:53 IST" skipped="0">
  <testcase classname="testPractice.TestNG" name="Login" time="0.009"/>
  <system-out/>
  <testcase classname="testPractice.TestNG" name="Teardown" time="0.002"/>
  <system-out/>
  <testcase classname="testPractice.TestNG" name="Setup" time="0.003"/>
  <system-out/>
</testsuite> <!-- testPractice.TestNG -->
